#
# There is insufficient memory for the Java Runtime Environment to continue.
# Native memory allocation (malloc) failed to allocate 41904 bytes. Error detail: Chunk::new
# Possible reasons:
#   The system is out of physical RAM or swap space
#   This process is running with CompressedOops enabled, and the Java Heap may be blocking the growth of the native heap
# Possible solutions:
#   Reduce memory load on the system
#   Increase physical memory or swap space
#   Check if swap backing store is full
#   Decrease Java heap size (-Xmx/-Xms)
#   Decrease number of Java threads
#   Decrease Java thread stack sizes (-Xss)
#   Set larger code cache with -XX:ReservedCodeCacheSize=
#   JVM is running with Unscaled Compressed Oops mode in which the Java heap is
#     placed in the first 4GB address space. The Java Heap base address is the
#     maximum limit for the native heap growth. Please use -XX:HeapBaseMinAddress
#     to set the Java Heap base and to place the Java Heap above 4GB virtual address.
# This output file may be truncated or incomplete.
#
#  Out of Memory Error (arena.cpp:168), pid=15708, tid=16632
#
# JRE version: OpenJDK Runtime Environment Temurin-21.0.9+10 (21.0.9+10) (build 21.0.9+10-LTS)
# Java VM: OpenJDK 64-Bit Server VM Temurin-21.0.9+10 (21.0.9+10-LTS, mixed mode, sharing, tiered, compressed oops, compressed class ptrs, parallel gc, windows-amd64)
# No core dump will be written. Minidumps are not enabled by default on client versions of Windows
#

---------------  S U M M A R Y ------------

Command Line: --add-modules=ALL-SYSTEM --add-opens=java.base/java.util=ALL-UNNAMED --add-opens=java.base/java.lang=ALL-UNNAMED --add-opens=java.base/sun.nio.fs=ALL-UNNAMED -Declipse.application=org.eclipse.jdt.ls.core.id1 -Dosgi.bundles.defaultStartLevel=4 -Declipse.product=org.eclipse.jdt.ls.core.product -Djava.import.generatesMetadataFilesAtProjectRoot=false -DDetectVMInstallationsJob.disabled=true -Dfile.encoding=utf8 -XX:+UseParallelGC -XX:GCTimeRatio=4 -XX:AdaptiveSizePolicyWeight=90 -Dsun.zip.disableMemoryMapping=true -Xmx2G -Xms100m -Xlog:disable -javaagent:c:\Users\boveda\.antigravity\extensions\redhat.java-1.50.0-win32-x64\lombok\lombok-1.18.39-4050.jar c:\Users\boveda\.antigravity\extensions\redhat.java-1.50.0-win32-x64\server\plugins\org.eclipse.equinox.launcher_1.7.100.v20251111-0406.jar -configuration c:\Users\boveda\AppData\Roaming\Antigravity\User\globalStorage\redhat.java\1.50.0\config_ss_win -data c:\Users\boveda\AppData\Roaming\Antigravity\User\workspaceStorage\b67688903518abb56e92c938c665c5c3\redhat.java\ss_ws --pipe=\\.\pipe\lsp-f7385ca81d549b7405e03783e5260da5-sock

Host: 12th Gen Intel(R) Core(TM) i5-12450H, 12 cores, 15G,  Windows 11 , 64 bit Build 26100 (10.0.26100.7309)
Time: Fri Dec 19 02:05:40 2025 China Standard Time elapsed time: 4.305189 seconds (0d 0h 0m 4s)

---------------  T H R E A D  ---------------

Current thread (0x0000012610c6c7a0):  JavaThread "C2 CompilerThread0" daemon [_thread_in_native, id=16632, stack(0x0000000d63700000,0x0000000d63800000) (1024K)]


Current CompileTask:
C2:4305 1938       4       java.io.DataInputStream::readByte (6 bytes)

Stack: [0x0000000d63700000,0x0000000d63800000]
Native frames: (J=compiled Java code, j=interpreted, Vv=VM code, C=native code)
V  [jvm.dll+0x6d6e29]
V  [jvm.dll+0x8b4b76]
V  [jvm.dll+0x8b712e]
V  [jvm.dll+0x8b7813]
V  [jvm.dll+0x283d86]
V  [jvm.dll+0xc66ed]
V  [jvm.dll+0xc6c31]
V  [jvm.dll+0x3be53b]
V  [jvm.dll+0x1e3b52]
V  [jvm.dll+0x24c0f3]
V  [jvm.dll+0x24b580]
V  [jvm.dll+0x1cb13e]
V  [jvm.dll+0x25b29d]
V  [jvm.dll+0x25982a]
V  [jvm.dll+0x3f7ea6]
V  [jvm.dll+0x85e9ad]
V  [jvm.dll+0x6d565d]
C  [ucrtbase.dll+0x37b0]
C  [KERNEL32.DLL+0x2e8d7]
C  [ntdll.dll+0x8c53c]


---------------  P R O C E S S  ---------------

Threads class SMR info:
_java_thread_list=0x000001266f743e90, length=17, elements={
0x0000012610bbe020, 0x000001262766bd00, 0x000001262766db30, 0x0000012610c69b30,
0x0000012610c6a580, 0x0000012610c6afd0, 0x0000012610c6ba20, 0x0000012610c6c7a0,
0x0000012610c6ff60, 0x0000012669c83a40, 0x0000012669e41950, 0x000001266f66efb0,
0x000001266f6aa8b0, 0x000001266f6ab1e0, 0x000001266f5eb010, 0x000001266f9fffd0,
0x000001266f9f1cc0
}

Java Threads: ( => current thread )
  0x0000012610bbe020 JavaThread "main"                              [_thread_blocked, id=2112, stack(0x0000000d62d00000,0x0000000d62e00000) (1024K)]
  0x000001262766bd00 JavaThread "Reference Handler"          daemon [_thread_blocked, id=9608, stack(0x0000000d63100000,0x0000000d63200000) (1024K)]
  0x000001262766db30 JavaThread "Finalizer"                  daemon [_thread_blocked, id=17224, stack(0x0000000d63200000,0x0000000d63300000) (1024K)]
  0x0000012610c69b30 JavaThread "Signal Dispatcher"          daemon [_thread_blocked, id=11260, stack(0x0000000d63300000,0x0000000d63400000) (1024K)]
  0x0000012610c6a580 JavaThread "Attach Listener"            daemon [_thread_blocked, id=19328, stack(0x0000000d63400000,0x0000000d63500000) (1024K)]
  0x0000012610c6afd0 JavaThread "Service Thread"             daemon [_thread_blocked, id=27632, stack(0x0000000d63500000,0x0000000d63600000) (1024K)]
  0x0000012610c6ba20 JavaThread "Monitor Deflation Thread"   daemon [_thread_blocked, id=892, stack(0x0000000d63600000,0x0000000d63700000) (1024K)]
=>0x0000012610c6c7a0 JavaThread "C2 CompilerThread0"         daemon [_thread_in_native, id=16632, stack(0x0000000d63700000,0x0000000d63800000) (1024K)]
  0x0000012610c6ff60 JavaThread "C1 CompilerThread0"         daemon [_thread_in_native, id=23012, stack(0x0000000d63800000,0x0000000d63900000) (1024K)]
  0x0000012669c83a40 JavaThread "Common-Cleaner"             daemon [_thread_blocked, id=15400, stack(0x0000000d63900000,0x0000000d63a00000) (1024K)]
  0x0000012669e41950 JavaThread "Notification Thread"        daemon [_thread_blocked, id=24340, stack(0x0000000d63a00000,0x0000000d63b00000) (1024K)]
  0x000001266f66efb0 JavaThread "Active Thread: Equinox Container: f6846c91-c63d-4134-ac94-28f9ef6387d4"        [_thread_blocked, id=13804, stack(0x0000000d64300000,0x0000000d64400000) (1024K)]
  0x000001266f6aa8b0 JavaThread "Framework Event Dispatcher: Equinox Container: f6846c91-c63d-4134-ac94-28f9ef6387d4" daemon [_thread_blocked, id=15148, stack(0x0000000d64400000,0x0000000d64500000) (1024K)]
  0x000001266f6ab1e0 JavaThread "Start Level: Equinox Container: f6846c91-c63d-4134-ac94-28f9ef6387d4" daemon [_thread_in_vm, id=24888, stack(0x0000000d64500000,0x0000000d64600000) (1024K)]
  0x000001266f5eb010 JavaThread "SCR Component Actor"        daemon [_thread_blocked, id=24304, stack(0x0000000d64200000,0x0000000d64300000) (1024K)]
  0x000001266f9fffd0 JavaThread "C2 CompilerThread1"         daemon [_thread_blocked, id=25028, stack(0x0000000d64600000,0x0000000d64700000) (1024K)]
  0x000001266f9f1cc0 JavaThread "C2 CompilerThread2"         daemon [_thread_blocked, id=19384, stack(0x0000000d64700000,0x0000000d64800000) (1024K)]
Total: 17

Other Threads:
  0x0000012627654960 VMThread "VM Thread"                           [id=11676, stack(0x0000000d63000000,0x0000000d63100000) (1024K)]
  0x000001262754ca00 WatcherThread "VM Periodic Task Thread"        [id=26776, stack(0x0000000d62f00000,0x0000000d63000000) (1024K)]
  0x0000012610bdc6f0 WorkerThread "GC Thread#0"                     [id=10236, stack(0x0000000d62e00000,0x0000000d62f00000) (1024K)]
  0x000001266f4068a0 WorkerThread "GC Thread#1"                     [id=18240, stack(0x0000000d63c00000,0x0000000d63d00000) (1024K)]
  0x000001266f3b5b90 WorkerThread "GC Thread#2"                     [id=2600, stack(0x0000000d63d00000,0x0000000d63e00000) (1024K)]
  0x000001266f0c5ad0 WorkerThread "GC Thread#3"                     [id=20008, stack(0x0000000d63e00000,0x0000000d63f00000) (1024K)]
  0x000001266f0c5e70 WorkerThread "GC Thread#4"                     [id=18352, stack(0x0000000d63f00000,0x0000000d64000000) (1024K)]
  0x000001266f0ca380 WorkerThread "GC Thread#5"                     [id=13316, stack(0x0000000d64000000,0x0000000d64100000) (1024K)]
  0x000001266f0ca720 WorkerThread "GC Thread#6"                     [id=13752, stack(0x0000000d64100000,0x0000000d64200000) (1024K)]
  0x000001266f67cea0 WorkerThread "GC Thread#7"                     [id=18292, stack(0x0000000d63b00000,0x0000000d63c00000) (1024K)]
Total: 10

Threads with active compile tasks:
C2 CompilerThread0  4343 1938       4       java.io.DataInputStream::readByte (6 bytes)
C1 CompilerThread0  4343 1968   !   3       java.util.concurrent.ConcurrentHashMap::putVal (432 bytes)
Total: 2

VM state: not at safepoint (normal execution)

VM Mutex/Monitor currently owned by a thread: None

Heap address: 0x0000000080000000, size: 2048 MB, Compressed Oops mode: 32-bit

CDS archive(s) mapped at: [0x0000012628000000-0x0000012628ba0000-0x0000012628ba0000), size 12189696, SharedBaseAddress: 0x0000012628000000, ArchiveRelocationMode: 1.
Compressed class space mapped at: 0x0000012629000000-0x0000012669000000, reserved size: 1073741824
Narrow klass base: 0x0000012628000000, Narrow klass shift: 0, Narrow klass range: 0x100000000

GC Precious Log:
 CardTable entry size: 512
 CPUs: 12 total, 12 available
 Memory: 16088M
 Large Page Support: Disabled
 NUMA Support: Disabled
 Compressed Oops: Enabled (32-bit)
 Alignments: Space 512K, Generation 512K, Heap 2M
 Heap Min Capacity: 100M
 Heap Initial Capacity: 100M
 Heap Max Capacity: 2G
 Pre-touch: Disabled
 Parallel Workers: 10

Heap:
 PSYoungGen      total 29696K, used 17424K [0x00000000d5580000, 0x00000000d7680000, 0x0000000100000000)
  eden space 25600K, 52% used [0x00000000d5580000,0x00000000d628a900,0x00000000d6e80000)
  from space 4096K, 99% used [0x00000000d7280000,0x00000000d7679800,0x00000000d7680000)
  to   space 4096K, 0% used [0x00000000d6e80000,0x00000000d6e80000,0x00000000d7280000)
 ParOldGen       total 68608K, used 901K [0x0000000080000000, 0x0000000084300000, 0x00000000d5580000)
  object space 68608K, 1% used [0x0000000080000000,0x00000000800e16b8,0x0000000084300000)
 Metaspace       used 10967K, committed 11328K, reserved 1114112K
  class space    used 1180K, committed 1344K, reserved 1048576K

Card table byte_map: [0x0000012610560000,0x0000012610970000] _byte_map_base: 0x0000012610160000

Marking Bits: (ParMarkBitMap*) 0x00007fff547e2460
 Begin Bits: [0x0000012623070000, 0x0000012625070000)
 End Bits:   [0x0000012625070000, 0x0000012627070000)

Polling page: 0x000001260ea20000

Metaspace:

Usage:
  Non-class:      9.56 MB used.
      Class:      1.15 MB used.
       Both:     10.71 MB used.

Virtual space:
  Non-class space:       64.00 MB reserved,       9.75 MB ( 15%) committed,  1 nodes.
      Class space:        1.00 GB reserved,       1.31 MB ( <1%) committed,  1 nodes.
             Both:        1.06 GB reserved,      11.06 MB (  1%) committed. 

Chunk freelists:
   Non-Class:  5.83 MB
       Class:  14.66 MB
        Both:  20.49 MB

MaxMetaspaceSize: unlimited
CompressedClassSpaceSize: 1.00 GB
Initial GC threshold: 21.00 MB
Current GC threshold: 21.00 MB
CDS: on
 - commit_granule_bytes: 65536.
 - commit_granule_words: 8192.
 - virtual_space_node_default_size: 8388608.
 - enlarge_chunks_in_place: 1.
 - use_allocation_guard: 0.


Internal statistics:

num_allocs_failed_limit: 0.
num_arena_births: 252.
num_arena_deaths: 0.
num_vsnodes_births: 2.
num_vsnodes_deaths: 0.
num_space_committed: 177.
num_space_uncommitted: 0.
num_chunks_returned_to_freelist: 0.
num_chunks_taken_from_freelist: 569.
num_chunk_merges: 0.
num_chunk_splits: 363.
num_chunks_enlarged: 246.
num_inconsistent_stats: 0.

CodeHeap 'non-profiled nmethods': size=120000Kb used=864Kb max_used=864Kb free=119135Kb
 bounds [0x000001261b890000, 0x000001261bb00000, 0x0000012622dc0000]
CodeHeap 'profiled nmethods': size=120000Kb used=3618Kb max_used=3618Kb free=116381Kb
 bounds [0x0000012613dc0000, 0x0000012614150000, 0x000001261b2f0000]
CodeHeap 'non-nmethods': size=5760Kb used=1222Kb max_used=1249Kb free=4537Kb
 bounds [0x000001261b2f0000, 0x000001261b560000, 0x000001261b890000]
CodeCache: size=245760Kb, used=5704Kb, max_used=5731Kb, free=240053Kb
 total_blobs=2457, nmethods=1966, adapters=398, full_count=0
Compilation: enabled, stopped_count=0, restarted_count=0

Compilation events (20 events):
Event: 4.288 Thread 0x0000012610c6c7a0 nmethod 1937 0x000001261b963490 code [0x000001261b9636a0, 0x000001261b963c08]
Event: 4.288 Thread 0x0000012610c6c7a0 1935       4       jdk.internal.misc.InternalLock::unlock (8 bytes)
Event: 4.289 Thread 0x0000012610c6ff60 nmethod 1950 0x0000012614134f10 code [0x0000012614135440, 0x00000126141381f8]
Event: 4.289 Thread 0x0000012610c6ff60 1949       3       org.eclipse.osgi.internal.loader.ModuleClassLoader::findLocalClass (9 bytes)
Event: 4.290 Thread 0x0000012610c6ff60 nmethod 1949 0x0000012614139410 code [0x00000126141395c0, 0x0000012614139720]
Event: 4.290 Thread 0x0000012610c6ff60 1951       1       org.eclipse.osgi.internal.framework.EquinoxConfiguration::getDebug (5 bytes)
Event: 4.291 Thread 0x0000012610c6ff60 nmethod 1951 0x000001261b964090 code [0x000001261b964220, 0x000001261b9642e8]
Event: 4.291 Thread 0x0000012610c6ff60 1952       3       java.util.concurrent.locks.ReentrantLock::getHoldCount (8 bytes)
Event: 4.291 Thread 0x000001266f9f1cc0 nmethod 1934 0x000001261b964390 code [0x000001261b964520, 0x000001261b964698]
Event: 4.291 Thread 0x000001266f9f1cc0 1933       4       java.util.Objects::checkFromIndexSize (8 bytes)
Event: 4.292 Thread 0x0000012610c6ff60 nmethod 1952 0x0000012614139810 code [0x00000126141399e0, 0x0000012614139cc0]
Event: 4.292 Thread 0x0000012610c6ff60 1953       3       java.util.concurrent.locks.ReentrantLock$Sync::getHoldCount (16 bytes)
Event: 4.292 Thread 0x0000012610c6ff60 nmethod 1953 0x0000012614139e10 code [0x0000012614139fc0, 0x000001261413a238]
Event: 4.292 Thread 0x0000012610c6c7a0 nmethod 1935 0x000001261b964810 code [0x000001261b9649c0, 0x000001261b964b50]
Event: 4.292 Thread 0x0000012610c6c7a0 1938       4       java.io.DataInputStream::readByte (6 bytes)
Event: 4.292 Thread 0x000001266f9f1cc0 nmethod 1933 0x000001261b964d10 code [0x000001261b964ea0, 0x000001261b964f68]
Event: 4.294 Thread 0x0000012610c6ff60 1954       3       java.util.Collections$UnmodifiableCollection::isEmpty (10 bytes)
Event: 4.295 Thread 0x0000012610c6ff60 nmethod 1954 0x000001261413a310 code [0x000001261413a4c0, 0x000001261413a698]
Event: 4.301 Thread 0x000001266f9fffd0 nmethod 1932 0x000001261b965010 code [0x000001261b965300, 0x000001261b966bd0]
Event: 4.301 Thread 0x000001266f9f1cc0 1955       4       java.util.concurrent.ConcurrentHashMap::addCount (280 bytes)

GC Heap History (4 events):
Event: 1.866 GC heap before
{Heap before GC invocations=1 (full 0):
 PSYoungGen      total 29696K, used 25600K [0x00000000d5580000, 0x00000000d7680000, 0x0000000100000000)
  eden space 25600K, 100% used [0x00000000d5580000,0x00000000d6e80000,0x00000000d6e80000)
  from space 4096K, 0% used [0x00000000d7280000,0x00000000d7280000,0x00000000d7680000)
  to   space 4096K, 0% used [0x00000000d6e80000,0x00000000d6e80000,0x00000000d7280000)
 ParOldGen       total 68608K, used 0K [0x0000000080000000, 0x0000000084300000, 0x00000000d5580000)
  object space 68608K, 0% used [0x0000000080000000,0x0000000080000000,0x0000000084300000)
 Metaspace       used 4344K, committed 4544K, reserved 1114112K
  class space    used 473K, committed 576K, reserved 1048576K
}
Event: 1.883 GC heap after
{Heap after GC invocations=1 (full 0):
 PSYoungGen      total 29696K, used 3280K [0x00000000d5580000, 0x00000000d7680000, 0x0000000100000000)
  eden space 25600K, 0% used [0x00000000d5580000,0x00000000d5580000,0x00000000d6e80000)
  from space 4096K, 80% used [0x00000000d6e80000,0x00000000d71b4148,0x00000000d7280000)
  to   space 4096K, 0% used [0x00000000d7280000,0x00000000d7280000,0x00000000d7680000)
 ParOldGen       total 68608K, used 0K [0x0000000080000000, 0x0000000084300000, 0x00000000d5580000)
  object space 68608K, 0% used [0x0000000080000000,0x0000000080000000,0x0000000084300000)
 Metaspace       used 4344K, committed 4544K, reserved 1114112K
  class space    used 473K, committed 576K, reserved 1048576K
}
Event: 3.656 GC heap before
{Heap before GC invocations=2 (full 0):
 PSYoungGen      total 29696K, used 28880K [0x00000000d5580000, 0x00000000d7680000, 0x0000000100000000)
  eden space 25600K, 100% used [0x00000000d5580000,0x00000000d6e80000,0x00000000d6e80000)
  from space 4096K, 80% used [0x00000000d6e80000,0x00000000d71b4148,0x00000000d7280000)
  to   space 4096K, 0% used [0x00000000d7280000,0x00000000d7280000,0x00000000d7680000)
 ParOldGen       total 68608K, used 0K [0x0000000080000000, 0x0000000084300000, 0x00000000d5580000)
  object space 68608K, 0% used [0x0000000080000000,0x0000000080000000,0x0000000084300000)
 Metaspace       used 8228K, committed 8512K, reserved 1114112K
  class space    used 877K, committed 1024K, reserved 1048576K
}
Event: 3.664 GC heap after
{Heap after GC invocations=2 (full 0):
 PSYoungGen      total 29696K, used 4070K [0x00000000d5580000, 0x00000000d7680000, 0x0000000100000000)
  eden space 25600K, 0% used [0x00000000d5580000,0x00000000d5580000,0x00000000d6e80000)
  from space 4096K, 99% used [0x00000000d7280000,0x00000000d7679800,0x00000000d7680000)
  to   space 4096K, 0% used [0x00000000d6e80000,0x00000000d6e80000,0x00000000d7280000)
 ParOldGen       total 68608K, used 901K [0x0000000080000000, 0x0000000084300000, 0x00000000d5580000)
  object space 68608K, 1% used [0x0000000080000000,0x00000000800e16b8,0x0000000084300000)
 Metaspace       used 8228K, committed 8512K, reserved 1114112K
  class space    used 877K, committed 1024K, reserved 1048576K
}

Dll operation events (9 events):
Event: 0.035 Loaded shared library c:\Users\boveda\.antigravity\extensions\redhat.java-1.50.0-win32-x64\jre\21.0.9-win32-x86_64\bin\java.dll
Event: 0.183 Loaded shared library c:\Users\boveda\.antigravity\extensions\redhat.java-1.50.0-win32-x64\jre\21.0.9-win32-x86_64\bin\zip.dll
Event: 0.238 Loaded shared library C:\Users\boveda\.antigravity\extensions\redhat.java-1.50.0-win32-x64\jre\21.0.9-win32-x86_64\bin\instrument.dll
Event: 0.253 Loaded shared library C:\Users\boveda\.antigravity\extensions\redhat.java-1.50.0-win32-x64\jre\21.0.9-win32-x86_64\bin\net.dll
Event: 0.259 Loaded shared library C:\Users\boveda\.antigravity\extensions\redhat.java-1.50.0-win32-x64\jre\21.0.9-win32-x86_64\bin\nio.dll
Event: 0.272 Loaded shared library C:\Users\boveda\.antigravity\extensions\redhat.java-1.50.0-win32-x64\jre\21.0.9-win32-x86_64\bin\zip.dll
Event: 0.307 Loaded shared library C:\Users\boveda\.antigravity\extensions\redhat.java-1.50.0-win32-x64\jre\21.0.9-win32-x86_64\bin\jimage.dll
Event: 0.488 Loaded shared library c:\Users\boveda\.antigravity\extensions\redhat.java-1.50.0-win32-x64\jre\21.0.9-win32-x86_64\bin\verify.dll
Event: 3.546 Loaded shared library C:\Users\boveda\AppData\Roaming\Antigravity\User\globalStorage\redhat.java\1.50.0\config_ss_win\org.eclipse.equinox.launcher\org.eclipse.equinox.launcher.win32.win32.x86_64_1.2.1400.v20250801-0854\eclipse_11916.dll

Deoptimization events (20 events):
Event: 3.603 Thread 0x000001266f6ab1e0 Uncommon trap: trap_request=0xffffff6e fr.pc=0x000001261b90bba8 relative=0x0000000000000368
Event: 3.603 Thread 0x000001266f6ab1e0 Uncommon trap: reason=loop_limit_check action=maybe_recompile pc=0x000001261b90bba8 method=java.lang.StringLatin1.indexOf([BI[BII)I @ 37 c2
Event: 3.603 Thread 0x000001266f6ab1e0 DEOPT PACKING pc=0x000001261b90bba8 sp=0x0000000d645f9080
Event: 3.603 Thread 0x000001266f6ab1e0 DEOPT UNPACKING pc=0x000001261b343aa2 sp=0x0000000d645f8fe0 mode 2
Event: 3.621 Thread 0x0000012610bbe020 Uncommon trap: trap_request=0xffffff45 fr.pc=0x000001261b912260 relative=0x0000000000000040
Event: 3.621 Thread 0x0000012610bbe020 Uncommon trap: reason=unstable_if action=reinterpret pc=0x000001261b912260 method=java.util.concurrent.locks.AbstractQueuedSynchronizer.signalNext(Ljava/util/concurrent/locks/AbstractQueuedSynchronizer$Node;)V @ 1 c2
Event: 3.621 Thread 0x0000012610bbe020 DEOPT PACKING pc=0x000001261b912260 sp=0x0000000d62dfe720
Event: 3.621 Thread 0x0000012610bbe020 DEOPT UNPACKING pc=0x000001261b343aa2 sp=0x0000000d62dfe6b8 mode 2
Event: 4.149 Thread 0x000001266f6ab1e0 Uncommon trap: trap_request=0xffffff45 fr.pc=0x000001261b951070 relative=0x0000000000001470
Event: 4.149 Thread 0x000001266f6ab1e0 Uncommon trap: reason=unstable_if action=reinterpret pc=0x000001261b951070 method=java.io.WinNTFileSystem.normalize(Ljava/lang/String;II)Ljava/lang/String; @ 100 c2
Event: 4.149 Thread 0x000001266f6ab1e0 DEOPT PACKING pc=0x000001261b951070 sp=0x0000000d645f9400
Event: 4.149 Thread 0x000001266f6ab1e0 DEOPT UNPACKING pc=0x000001261b343aa2 sp=0x0000000d645f9340 mode 2
Event: 4.212 Thread 0x000001266f6ab1e0 Uncommon trap: trap_request=0xffffff45 fr.pc=0x000001261b914034 relative=0x0000000000000094
Event: 4.212 Thread 0x000001266f6ab1e0 Uncommon trap: reason=unstable_if action=reinterpret pc=0x000001261b914034 method=java.io.BufferedInputStream.getBufIfOpen(Z)[B @ 13 c2
Event: 4.212 Thread 0x000001266f6ab1e0 DEOPT PACKING pc=0x000001261b914034 sp=0x0000000d645f8ce0
Event: 4.212 Thread 0x000001266f6ab1e0 DEOPT UNPACKING pc=0x000001261b343aa2 sp=0x0000000d645f8c60 mode 2
Event: 4.278 Thread 0x000001266f6ab1e0 Uncommon trap: trap_request=0xffffff45 fr.pc=0x000001261b93f6a0 relative=0x00000000000009c0
Event: 4.278 Thread 0x000001266f6ab1e0 Uncommon trap: reason=unstable_if action=reinterpret pc=0x000001261b93f6a0 method=java.util.concurrent.ConcurrentHashMap.putVal(Ljava/lang/Object;Ljava/lang/Object;Z)Ljava/lang/Object; @ 148 c2
Event: 4.278 Thread 0x000001266f6ab1e0 DEOPT PACKING pc=0x000001261b93f6a0 sp=0x0000000d645fbf30
Event: 4.278 Thread 0x000001266f6ab1e0 DEOPT UNPACKING pc=0x000001261b343aa2 sp=0x0000000d645fbea0 mode 2

Classes loaded (20 events):
Event: 4.204 Loading class java/lang/CloneNotSupportedException
Event: 4.204 Loading class java/lang/CloneNotSupportedException done
Event: 4.231 Loading class java/util/stream/ReferencePipeline$5
Event: 4.231 Loading class java/util/stream/LongPipeline$StatelessOp
Event: 4.232 Loading class java/util/stream/LongPipeline
Event: 4.232 Loading class java/util/stream/LongStream
Event: 4.233 Loading class java/util/stream/LongStream done
Event: 4.233 Loading class java/util/stream/LongPipeline done
Event: 4.233 Loading class java/util/stream/LongPipeline$StatelessOp done
Event: 4.233 Loading class java/util/stream/ReferencePipeline$5 done
Event: 4.234 Loading class java/util/function/LongBinaryOperator
Event: 4.234 Loading class java/util/function/LongBinaryOperator done
Event: 4.237 Loading class java/util/stream/ReduceOps$10
Event: 4.238 Loading class java/util/stream/ReduceOps$10 done
Event: 4.238 Loading class java/util/stream/ReduceOps$8ReducingSink
Event: 4.238 Loading class java/util/stream/Sink$OfLong
Event: 4.238 Loading class java/util/stream/Sink$OfLong done
Event: 4.238 Loading class java/util/stream/ReduceOps$8ReducingSink done
Event: 4.238 Loading class java/util/stream/ReferencePipeline$5$1
Event: 4.238 Loading class java/util/stream/ReferencePipeline$5$1 done

Classes unloaded (0 events):
No events

Classes redefined (0 events):
No events

Internal exceptions (20 events):
Event: 1.864 Thread 0x0000012610bbe020 Exception <a 'java/lang/ClassNotFoundException'{0x00000000d6e7eae0}: sun/net/www/protocol/c/Handler> (0x00000000d6e7eae0) 
thrown [s\src\hotspot\share\classfile\systemDictionary.cpp, line 312]
Event: 1.899 Thread 0x0000012610bbe020 Exception <a 'java/io/FileNotFoundException'{0x00000000d55a3d00}> (0x00000000d55a3d00) 
thrown [s\src\hotspot\share\prims\jni.cpp, line 520]
Event: 1.960 Thread 0x0000012610bbe020 Implicit null exception at 0x000001261b9071c9 to 0x000001261b907c9c
Event: 1.961 Thread 0x0000012610bbe020 Implicit null exception at 0x000001261b8f9b9a to 0x000001261b8f9da0
Event: 1.962 Thread 0x0000012610bbe020 Exception <a 'java/lang/NoSuchMethodError'{0x00000000d56d4310}: 'void java.lang.invoke.DirectMethodHandle$Holder.invokeStatic(java.lang.Object, java.lang.Object, java.lang.Object, java.lang.Object)'> (0x00000000d56d4310) 
thrown [s\src\hotspot\share\interpreter\linkResolver.cpp, line 773]
Event: 1.964 Thread 0x0000012610bbe020 Implicit null exception at 0x000001261b90211a to 0x000001261b902324
Event: 1.964 Thread 0x0000012610bbe020 Implicit null exception at 0x000001261b8f783d to 0x000001261b8f78c1
Event: 2.128 Thread 0x0000012610bbe020 Exception <a 'java/lang/NoSuchMethodError'{0x00000000d598d478}: 'void java.lang.invoke.DirectMethodHandle$Holder.invokeSpecial(java.lang.Object, java.lang.Object, java.lang.Object)'> (0x00000000d598d478) 
thrown [s\src\hotspot\share\interpreter\linkResolver.cpp, line 773]
Event: 2.580 Thread 0x0000012610bbe020 Exception <a 'java/lang/NoSuchMethodError'{0x00000000d623fc28}: 'int java.lang.invoke.DirectMethodHandle$Holder.invokeVirtual(java.lang.Object, java.lang.Object)'> (0x00000000d623fc28) 
thrown [s\src\hotspot\share\interpreter\linkResolver.cpp, line 773]
Event: 2.819 Thread 0x0000012610bbe020 Exception <a 'java/lang/NoSuchMethodError'{0x00000000d63b5018}: 'int java.lang.invoke.DirectMethodHandle$Holder.invokeStaticInit(java.lang.Object, java.lang.Object, java.lang.Object, java.lang.Object)'> (0x00000000d63b5018) 
thrown [s\src\hotspot\share\interpreter\linkResolver.cpp, line 773]
Event: 2.822 Thread 0x0000012610bbe020 Exception <a 'java/lang/IncompatibleClassChangeError'{0x00000000d63bd420}: Found class java.lang.Object, but interface was expected> (0x00000000d63bd420) 
thrown [s\src\hotspot\share\interpreter\linkResolver.cpp, line 840]
Event: 2.823 Thread 0x0000012610bbe020 Exception <a 'java/lang/NoSuchMethodError'{0x00000000d63c39d0}: 'void java.lang.invoke.DirectMethodHandle$Holder.invokeStaticInit(java.lang.Object, java.lang.Object)'> (0x00000000d63c39d0) 
thrown [s\src\hotspot\share\interpreter\linkResolver.cpp, line 773]
Event: 2.825 Thread 0x0000012610bbe020 Exception <a 'java/lang/NoSuchMethodError'{0x00000000d63ccb68}: 'int java.lang.invoke.DirectMethodHandle$Holder.invokeStaticInit(java.lang.Object, java.lang.Object)'> (0x00000000d63ccb68) 
thrown [s\src\hotspot\share\interpreter\linkResolver.cpp, line 773]
Event: 3.040 Thread 0x0000012610bbe020 Exception <a 'java/lang/NoSuchMethodError'{0x00000000d66135b8}: 'java.lang.Object java.lang.invoke.DirectMethodHandle$Holder.newInvokeSpecial(java.lang.Object, int, java.lang.Object)'> (0x00000000d66135b8) 
thrown [s\src\hotspot\share\interpreter\linkResolver.cpp, line 773]
Event: 3.178 Thread 0x0000012610bbe020 Exception <a 'java/lang/ClassNotFoundException'{0x00000000d682bea0}: sun/net/www/protocol/plurl/Handler> (0x00000000d682bea0) 
thrown [s\src\hotspot\share\classfile\systemDictionary.cpp, line 312]
Event: 3.179 Thread 0x0000012610bbe020 Exception <a 'java/lang/ClassNotFoundException'{0x00000000d682cd20}: sun/net/www/protocol/plurl/Handler> (0x00000000d682cd20) 
thrown [s\src\hotspot\share\classfile\systemDictionary.cpp, line 312]
Event: 3.537 Thread 0x0000012610bbe020 Exception <a 'java/lang/UnsatisfiedLinkError'{0x00000000d6c35120}: 'void org.eclipse.equinox.launcher.JNIBridge._update_splash()'> (0x00000000d6c35120) 
thrown [s\src\hotspot\share\prims\nativeLookup.cpp, line 415]
Event: 3.810 Thread 0x000001266f6ab1e0 Exception <a 'java/lang/NullPointerException'{0x00000000d578b108}> (0x00000000d578b108) 
thrown [s\src\hotspot\share\interpreter\linkResolver.cpp, line 1372]
Event: 3.810 Thread 0x000001266f6ab1e0 Exception <a 'java/lang/NullPointerException'{0x00000000d578b3e8}> (0x00000000d578b3e8) 
thrown [s\src\hotspot\share\interpreter\linkResolver.cpp, line 1372]
Event: 4.228 Thread 0x000001266f6ab1e0 Exception <a 'java/lang/NoSuchMethodError'{0x00000000d6083bc0}: 'long java.lang.invoke.DirectMethodHandle$Holder.invokeSpecial(java.lang.Object, java.lang.Object)'> (0x00000000d6083bc0) 
thrown [s\src\hotspot\share\interpreter\linkResolver.cpp, line 773]

ZGC Phase Switch (0 events):
No events

VM Operations (20 events):
Event: 1.324 Executing VM operation: HandshakeAllThreads (Deoptimize)
Event: 1.324 Executing VM operation: HandshakeAllThreads (Deoptimize) done
Event: 1.830 Executing VM operation: HandshakeAllThreads (Deoptimize)
Event: 1.831 Executing VM operation: HandshakeAllThreads (Deoptimize) done
Event: 1.866 Executing VM operation: ParallelGCFailedAllocation (Allocation Failure)
Event: 1.883 Executing VM operation: ParallelGCFailedAllocation (Allocation Failure) done
Event: 2.879 Executing VM operation: HandshakeAllThreads (Deoptimize)
Event: 2.883 Executing VM operation: HandshakeAllThreads (Deoptimize) done
Event: 2.884 Executing VM operation: Cleanup
Event: 2.887 Executing VM operation: Cleanup done
Event: 2.917 Executing VM operation: HandshakeAllThreads (Deoptimize)
Event: 2.917 Executing VM operation: HandshakeAllThreads (Deoptimize) done
Event: 3.143 Executing VM operation: HandshakeAllThreads (Deoptimize)
Event: 3.143 Executing VM operation: HandshakeAllThreads (Deoptimize) done
Event: 3.171 Executing VM operation: HandshakeAllThreads (Deoptimize)
Event: 3.171 Executing VM operation: HandshakeAllThreads (Deoptimize) done
Event: 3.656 Executing VM operation: ParallelGCFailedAllocation (Allocation Failure)
Event: 3.664 Executing VM operation: ParallelGCFailedAllocation (Allocation Failure) done
Event: 4.057 Executing VM operation: HandshakeAllThreads (Deoptimize)
Event: 4.057 Executing VM operation: HandshakeAllThreads (Deoptimize) done

Memory protections (0 events):
No events

Nmethod flushes (0 events):
No events

Events (20 events):
Event: 0.105 Thread 0x0000012610bbe020 Thread added: 0x0000012610c6afd0
Event: 0.105 Thread 0x0000012610bbe020 Thread added: 0x0000012610c6ba20
Event: 0.105 Thread 0x0000012610bbe020 Thread added: 0x0000012610c6c7a0
Event: 0.105 Thread 0x0000012610bbe020 Thread added: 0x0000012610c6ff60
Event: 0.244 Thread 0x0000012610bbe020 Thread added: 0x0000012669c83a40
Event: 0.790 Thread 0x0000012610bbe020 Thread added: 0x0000012669e41950
Event: 0.795 Thread 0x0000012610c6ff60 Thread added: 0x0000012669ccf6a0
Event: 1.084 Thread 0x0000012669ccf6a0 Thread added: 0x0000012669e40400
Event: 1.535 Thread 0x0000012669e40400 Thread exited: 0x0000012669e40400
Event: 2.111 Thread 0x0000012669ccf6a0 Thread exited: 0x0000012669ccf6a0
Event: 2.250 Thread 0x0000012610c6c7a0 Thread added: 0x000001266f5b9520
Event: 2.260 Thread 0x0000012610c6ff60 Thread added: 0x000001266f5eb070
Event: 2.858 Thread 0x0000012610bbe020 Thread added: 0x000001266f66efb0
Event: 3.526 Thread 0x0000012610bbe020 Thread added: 0x000001266f6aa8b0
Event: 3.535 Thread 0x0000012610bbe020 Thread added: 0x000001266f6ab1e0
Event: 3.625 Thread 0x000001266f5eb070 Thread exited: 0x000001266f5eb070
Event: 3.625 Thread 0x000001266f5b9520 Thread exited: 0x000001266f5b9520
Event: 4.025 Thread 0x000001266f6ab1e0 Thread added: 0x000001266f5eb010
Event: 4.256 Thread 0x0000012610c6ff60 Thread added: 0x000001266f9fffd0
Event: 4.256 Thread 0x0000012610c6ff60 Thread added: 0x000001266f9f1cc0


Dynamic libraries:
0x00007ff6aac50000 - 0x00007ff6aac5e000 	c:\Users\boveda\.antigravity\extensions\redhat.java-1.50.0-win32-x64\jre\21.0.9-win32-x86_64\bin\java.exe
0x00007ff8f2300000 - 0x00007ff8f2567000 	C:\WINDOWS\SYSTEM32\ntdll.dll
0x00007ff8f05b0000 - 0x00007ff8f0679000 	C:\WINDOWS\System32\KERNEL32.DLL
0x00007ff8ef840000 - 0x00007ff8efc2f000 	C:\WINDOWS\System32\KERNELBASE.dll
0x00007ff8ef4e0000 - 0x00007ff8ef62b000 	C:\WINDOWS\System32\ucrtbase.dll
0x00007fff65260000 - 0x00007fff65278000 	c:\Users\boveda\.antigravity\extensions\redhat.java-1.50.0-win32-x64\jre\21.0.9-win32-x86_64\bin\jli.dll
0x00007ff8f20f0000 - 0x00007ff8f22b5000 	C:\WINDOWS\System32\USER32.dll
0x00007ff8ef810000 - 0x00007ff8ef837000 	C:\WINDOWS\System32\win32u.dll
0x00007ff8f0310000 - 0x00007ff8f033b000 	C:\WINDOWS\System32\GDI32.dll
0x00007ff8ef6e0000 - 0x00007ff8ef80c000 	C:\WINDOWS\System32\gdi32full.dll
0x00007ff8efdc0000 - 0x00007ff8efe63000 	C:\WINDOWS\System32\msvcp_win.dll
0x00007fff54950000 - 0x00007fff5496e000 	c:\Users\boveda\.antigravity\extensions\redhat.java-1.50.0-win32-x64\jre\21.0.9-win32-x86_64\bin\VCRUNTIME140.dll
0x00007ff8d1910000 - 0x00007ff8d1ba3000 	C:\WINDOWS\WinSxS\amd64_microsoft.windows.common-controls_6595b64144ccf1df_6.0.26100.7309_none_3e05feeae336a044\COMCTL32.dll
0x00007ff8f1040000 - 0x00007ff8f10e9000 	C:\WINDOWS\System32\msvcrt.dll
0x00007ff8f0e70000 - 0x00007ff8f0ea1000 	C:\WINDOWS\System32\IMM32.DLL
0x00007ff89d470000 - 0x00007ff89d47c000 	c:\Users\boveda\.antigravity\extensions\redhat.java-1.50.0-win32-x64\jre\21.0.9-win32-x86_64\bin\vcruntime140_1.dll
0x00007fff548c0000 - 0x00007fff5494d000 	c:\Users\boveda\.antigravity\extensions\redhat.java-1.50.0-win32-x64\jre\21.0.9-win32-x86_64\bin\msvcp140.dll
0x00007fff53b20000 - 0x00007fff548c0000 	c:\Users\boveda\.antigravity\extensions\redhat.java-1.50.0-win32-x64\jre\21.0.9-win32-x86_64\bin\server\jvm.dll
0x00007ff8f0820000 - 0x00007ff8f08d4000 	C:\WINDOWS\System32\ADVAPI32.dll
0x00007ff8f1a70000 - 0x00007ff8f1b16000 	C:\WINDOWS\System32\sechost.dll
0x00007ff8f1fb0000 - 0x00007ff8f20c8000 	C:\WINDOWS\System32\RPCRT4.dll
0x00007ff8f0cf0000 - 0x00007ff8f0d64000 	C:\WINDOWS\System32\WS2_32.dll
0x00007ff8ef2b0000 - 0x00007ff8ef30e000 	C:\WINDOWS\SYSTEM32\POWRPROF.dll
0x00007ff8d6880000 - 0x00007ff8d68b5000 	C:\WINDOWS\SYSTEM32\WINMM.dll
0x00007ff8e1cd0000 - 0x00007ff8e1cdb000 	C:\WINDOWS\SYSTEM32\VERSION.dll
0x00007ff8ef290000 - 0x00007ff8ef2a4000 	C:\WINDOWS\SYSTEM32\UMPDC.dll
0x00007ff8ee200000 - 0x00007ff8ee21b000 	C:\WINDOWS\SYSTEM32\kernel.appcore.dll
0x00007ff89a2e0000 - 0x00007ff89a2ea000 	c:\Users\boveda\.antigravity\extensions\redhat.java-1.50.0-win32-x64\jre\21.0.9-win32-x86_64\bin\jimage.dll
0x00007ff8ec2b0000 - 0x00007ff8ec4f2000 	C:\WINDOWS\SYSTEM32\DBGHELP.DLL
0x00007ff8f0960000 - 0x00007ff8f0ce5000 	C:\WINDOWS\System32\combase.dll
0x00007ff8f0d80000 - 0x00007ff8f0e56000 	C:\WINDOWS\System32\OLEAUT32.dll
0x00007ff8ca160000 - 0x00007ff8ca19c000 	C:\WINDOWS\SYSTEM32\dbgcore.DLL
0x00007ff8ef630000 - 0x00007ff8ef6d5000 	C:\WINDOWS\System32\bcryptPrimitives.dll
0x00007ff8622f0000 - 0x00007ff8622ff000 	c:\Users\boveda\.antigravity\extensions\redhat.java-1.50.0-win32-x64\jre\21.0.9-win32-x86_64\bin\instrument.dll
0x00007fff538b0000 - 0x00007fff538d0000 	c:\Users\boveda\.antigravity\extensions\redhat.java-1.50.0-win32-x64\jre\21.0.9-win32-x86_64\bin\java.dll
0x00007ff8f11c0000 - 0x00007ff8f1913000 	C:\WINDOWS\System32\SHELL32.dll
0x00007ff8efe70000 - 0x00007ff8effda000 	C:\WINDOWS\System32\wintypes.dll
0x00007ff8ed050000 - 0x00007ff8ed8ae000 	C:\WINDOWS\SYSTEM32\windows.storage.dll
0x00007ff8f0340000 - 0x00007ff8f0435000 	C:\WINDOWS\System32\SHCORE.dll
0x00007ff8f0f40000 - 0x00007ff8f0fa6000 	C:\WINDOWS\System32\shlwapi.dll
0x00007ff8ef370000 - 0x00007ff8ef399000 	C:\WINDOWS\SYSTEM32\profapi.dll
0x00007fff53890000 - 0x00007fff538a8000 	c:\Users\boveda\.antigravity\extensions\redhat.java-1.50.0-win32-x64\jre\21.0.9-win32-x86_64\bin\zip.dll
0x00007ff899cd0000 - 0x00007ff899ce0000 	C:\Users\boveda\.antigravity\extensions\redhat.java-1.50.0-win32-x64\jre\21.0.9-win32-x86_64\bin\net.dll
0x00007ff8e2db0000 - 0x00007ff8e2ed8000 	C:\WINDOWS\SYSTEM32\WINHTTP.dll
0x00007ff8ee770000 - 0x00007ff8ee7db000 	C:\WINDOWS\system32\mswsock.dll
0x00007fff53870000 - 0x00007fff53886000 	C:\Users\boveda\.antigravity\extensions\redhat.java-1.50.0-win32-x64\jre\21.0.9-win32-x86_64\bin\nio.dll
0x00007ff860040000 - 0x00007ff860050000 	c:\Users\boveda\.antigravity\extensions\redhat.java-1.50.0-win32-x64\jre\21.0.9-win32-x86_64\bin\verify.dll
0x00007fff53ad0000 - 0x00007fff53b14000 	C:\Users\boveda\AppData\Roaming\Antigravity\User\globalStorage\redhat.java\1.50.0\config_ss_win\org.eclipse.equinox.launcher\org.eclipse.equinox.launcher.win32.win32.x86_64_1.2.1400.v20250801-0854\eclipse_11916.dll
0x00007ff8f0680000 - 0x00007ff8f0817000 	C:\WINDOWS\System32\ole32.dll

JVMTI agents:
c:\Users\boveda\.antigravity\extensions\redhat.java-1.50.0-win32-x64\lombok\lombok-1.18.39-4050.jar path:c:\Users\boveda\.antigravity\extensions\redhat.java-1.50.0-win32-x64\jre\21.0.9-win32-x86_64\bin\instrument.dll, loaded, initialized, instrumentlib options:none

dbghelp: loaded successfully - version: 4.0.5 - missing functions: none
symbol engine: initialized successfully - sym options: 0x614 - pdb path: .;c:\Users\boveda\.antigravity\extensions\redhat.java-1.50.0-win32-x64\jre\21.0.9-win32-x86_64\bin;C:\WINDOWS\SYSTEM32;C:\WINDOWS\WinSxS\amd64_microsoft.windows.common-controls_6595b64144ccf1df_6.0.26100.7309_none_3e05feeae336a044;c:\Users\boveda\.antigravity\extensions\redhat.java-1.50.0-win32-x64\jre\21.0.9-win32-x86_64\bin\server;C:\Users\boveda\AppData\Roaming\Antigravity\User\globalStorage\redhat.java\1.50.0\config_ss_win\org.eclipse.equinox.launcher\org.eclipse.equinox.launcher.win32.win32.x86_64_1.2.1400.v20250801-0854

VM Arguments:
jvm_args: --add-modules=ALL-SYSTEM --add-opens=java.base/java.util=ALL-UNNAMED --add-opens=java.base/java.lang=ALL-UNNAMED --add-opens=java.base/sun.nio.fs=ALL-UNNAMED -Declipse.application=org.eclipse.jdt.ls.core.id1 -Dosgi.bundles.defaultStartLevel=4 -Declipse.product=org.eclipse.jdt.ls.core.product -Djava.import.generatesMetadataFilesAtProjectRoot=false -DDetectVMInstallationsJob.disabled=true -Dfile.encoding=utf8 -XX:+UseParallelGC -XX:GCTimeRatio=4 -XX:AdaptiveSizePolicyWeight=90 -Dsun.zip.disableMemoryMapping=true -Xmx2G -Xms100m -Xlog:disable -javaagent:c:\Users\boveda\.antigravity\extensions\redhat.java-1.50.0-win32-x64\lombok\lombok-1.18.39-4050.jar 
java_command: c:\Users\boveda\.antigravity\extensions\redhat.java-1.50.0-win32-x64\server\plugins\org.eclipse.equinox.launcher_1.7.100.v20251111-0406.jar -configuration c:\Users\boveda\AppData\Roaming\Antigravity\User\globalStorage\redhat.java\1.50.0\config_ss_win -data c:\Users\boveda\AppData\Roaming\Antigravity\User\workspaceStorage\b67688903518abb56e92c938c665c5c3\redhat.java\ss_ws --pipe=\\.\pipe\lsp-f7385ca81d549b7405e03783e5260da5-sock
java_class_path (initial): c:\Users\boveda\.antigravity\extensions\redhat.java-1.50.0-win32-x64\server\plugins\org.eclipse.equinox.launcher_1.7.100.v20251111-0406.jar
Launcher Type: SUN_STANDARD

[Global flags]
    uintx AdaptiveSizePolicyWeight                 = 90                                        {product} {command line}
     intx CICompilerCount                          = 4                                         {product} {ergonomic}
    uintx GCTimeRatio                              = 4                                         {product} {command line}
   size_t InitialHeapSize                          = 104857600                                 {product} {command line}
   size_t MaxHeapSize                              = 2147483648                                {product} {command line}
   size_t MaxNewSize                               = 715653120                                 {product} {ergonomic}
   size_t MinHeapDeltaBytes                        = 524288                                    {product} {ergonomic}
   size_t MinHeapSize                              = 104857600                                 {product} {command line}
   size_t NewSize                                  = 34603008                                  {product} {ergonomic}
    uintx NonNMethodCodeHeapSize                   = 5839372                                {pd product} {ergonomic}
    uintx NonProfiledCodeHeapSize                  = 122909434                              {pd product} {ergonomic}
   size_t OldSize                                  = 70254592                                  {product} {ergonomic}
    uintx ProfiledCodeHeapSize                     = 122909434                              {pd product} {ergonomic}
    uintx ReservedCodeCacheSize                    = 251658240                              {pd product} {ergonomic}
     bool SegmentedCodeCache                       = true                                      {product} {ergonomic}
   size_t SoftMaxHeapSize                          = 2147483648                             {manageable} {ergonomic}
     bool UseCompressedOops                        = true                           {product lp64_product} {ergonomic}
     bool UseLargePagesIndividualAllocation        = false                                  {pd product} {ergonomic}
     bool UseParallelGC                            = true                                      {product} {command line}

Logging:
Log output configuration:
 #0: stdout all=off uptime,level,tags foldmultilines=false
 #1: stderr all=off uptime,level,tags foldmultilines=false

Release file:
JAVA_VERSION="21.0.9" 
MODULES="java.base java.compiler java.datatransfer java.xml java.prefs java.desktop java.instrument java.logging java.management java.security.sasl java.naming java.rmi java.management.rmi java.net.http java.scripting java.security.jgss java.transaction.xa java.sql java.sql.rowset java.xml.crypto java.se java.smartcardio jdk.accessibility jdk.internal.jvmstat jdk.attach jdk.charsets jdk.internal.opt jdk.zipfs jdk.compiler jdk.crypto.ec jdk.crypto.cryptoki jdk.crypto.mscapi jdk.dynalink jdk.internal.ed jdk.editpad jdk.hotspot.agent jdk.httpserver jdk.internal.le jdk.internal.vm.ci jdk.internal.vm.compiler jdk.internal.vm.compiler.management jdk.jartool jdk.javadoc jdk.jcmd jdk.management jdk.management.agent jdk.jconsole jdk.jdeps jdk.jdwp.agent jdk.jdi jdk.jfr jdk.jshell jdk.jsobject jdk.jstatd jdk.localedata jdk.management.jfr jdk.naming.dns jdk.naming.rmi jdk.net jdk.nio.mapmode jdk.random jdk.sctp jdk.security.auth jdk.security.jgss jdk.unsupported jdk.unsupported.desktop jdk.xml.dom" 

Environment Variables:
PATH=c:\Users\boveda\AppData\Local\Programs\cursor\resources\app\bin;C:\Program Files\Google\Chrome\Application;C:\Program Files\Common Files\Oracle\Java\javapath;C:\Program Files (x86)\Common Files\Oracle\Java\java8path;C:\Program Files (x86)\Common Files\Oracle\Java\javapath;C:\Python312\Scripts\;C:\Python312\;C:\Windows\system32;C:\Windows;C:\Windows\System32\Wbem;C:\Windows\System32\WindowsPowerShell\v1.0\;C:\Windows\System32\OpenSSH\;C:\Program Files (x86)\NVIDIA Corporation\PhysX\Common;C:\Program Files\Microsoft SQL Server\150\Tools\Binn\;C:\Program Files\Microsoft SQL Server\Client SDK\ODBC\170\Tools\Binn\;C:\Program Files\dotnet\;C:\Program Files\Git\cmd;C:\ProgramData\chocolatey\bin;C:\Program Files (x86)\HP\Common\HPDestPlgIn\;C:\Program Files (x86)\Microsoft SQL Server\160\Tools\Binn\;C:\Program Files\Microsoft SQL Server\160\Tools\Binn\;C:\Program Files\Microsoft SQL Server\160\DTS\Binn\;C:\Program Files (x86)\Microsoft SQL Server\160\DTS\Binn\;C:\Program Files\NVIDIA Corporat;C:\Program Files\NVIDIA Corporation\NVIDIA App\NvDLISR;C:\Users\boveda\AppData\Local\nvm;C:\nvm4w\nodejs;C:\Program Files\Docker\Docker\resources\bin;C:\Users\boveda\AppData\Local\Android\Sdk\platform-tools;C:\Program Files\usbipd-win\;C:\Users\boveda\AppData\Local\Microsoft\WindowsApps;C:\Users\boveda\.dotnet\tools;C:\src\flutter\bin;C:\Users\boveda\AppData\Roaming\npm;C:\Users\boveda\AppData\Local\GitHubDesktop\bin;C:\Program Files (x86)\HP\Common\HPDestPlgIn\;C:\Users\boveda\AppData\Local\Programs\cursor\resources\app\bin;C:\Users\boveda\AppData\Local\Programs\mongosh\;C:\Users\boveda\AppData\Local\nvm;C:\nvm4w\nodejs;C:\Users\boveda\AppData\Local\Programs\Windsurf\bin;C:\Users\boveda\AppData\Local\Python\bin;C:\Users\boveda\AppData\Local\Programs\Antigravity\bin
USERNAME=boveda
OS=Windows_NT
PROCESSOR_IDENTIFIER=Intel64 Family 6 Model 154 Stepping 3, GenuineIntel
TMP=C:\Users\boveda\AppData\Local\Temp
TEMP=C:\Users\boveda\AppData\Local\Temp




Periodic native trim disabled

---------------  S Y S T E M  ---------------

OS:
 Windows 11 , 64 bit Build 26100 (10.0.26100.7309)
OS uptime: 0 days 7:24 hours
Hyper-V role detected

CPU: total 12 (initial active 12) (6 cores per cpu, 2 threads per core) family 6 model 154 stepping 3 microcode 0x419, cx8, cmov, fxsr, ht, mmx, 3dnowpref, sse, sse2, sse3, ssse3, sse4.1, sse4.2, popcnt, lzcnt, tsc, tscinvbit, avx, avx2, aes, erms, clmul, bmi1, bmi2, adx, sha, fma, vzeroupper, clflush, clflushopt, clwb, hv, serialize, rdtscp, rdpid, fsrm, f16c, cet_ibt, cet_ss
Processor Information for processor 0
  Max Mhz: 2000, Current Mhz: 2000, Mhz Limit: 2000
Processor Information for processor 1
  Max Mhz: 2000, Current Mhz: 1520, Mhz Limit: 2000
Processor Information for processor 2
  Max Mhz: 2000, Current Mhz: 2000, Mhz Limit: 2000
Processor Information for processor 3
  Max Mhz: 2000, Current Mhz: 2000, Mhz Limit: 2000
Processor Information for processor 4
  Max Mhz: 2000, Current Mhz: 2000, Mhz Limit: 2000
Processor Information for processor 5
  Max Mhz: 2000, Current Mhz: 2000, Mhz Limit: 2000
Processor Information for processor 6
  Max Mhz: 2000, Current Mhz: 2000, Mhz Limit: 2000
Processor Information for processor 7
  Max Mhz: 2000, Current Mhz: 2000, Mhz Limit: 2000
Processor Information for processor 8
  Max Mhz: 2000, Current Mhz: 1500, Mhz Limit: 1500
Processor Information for processor 9
  Max Mhz: 2000, Current Mhz: 1500, Mhz Limit: 1500
Processor Information for processor 10
  Max Mhz: 2000, Current Mhz: 1500, Mhz Limit: 1500
Processor Information for processor 11
  Max Mhz: 2000, Current Mhz: 1500, Mhz Limit: 1500

Memory: 4k page, system-wide physical 16088M (1117M free)
TotalPageFile size 27635M (AvailPageFile size 0M)
current process WorkingSet (physical memory assigned to process): 100M, peak: 101M
current process commit charge ("private bytes"): 252M, peak: 253M

vm_info: OpenJDK 64-Bit Server VM (21.0.9+10-LTS) for windows-amd64 JRE (21.0.9+10-LTS), built on 2025-10-21T00:00:00Z by "admin" with unknown MS VC++:1942

END.
